Traceback (most recent call last):
  File "/home/malchi/anaconda3/lib/python3.12/site-packages/jupyter_cache/executors/utils.py", line 58, in single_nb_execution
    executenb(
  File "/home/malchi/anaconda3/lib/python3.12/site-packages/nbclient/client.py", line 1305, in execute
    return NotebookClient(nb=nb, resources=resources, km=km, **kwargs).execute()
           ^^^^^^^^^^^^^^^^^^^^^^^^^^^^^^^^^^^^^^^^^^^^^^^^^^^^^^^^^^^^^^^^^^^^^
  File "/home/malchi/anaconda3/lib/python3.12/site-packages/jupyter_core/utils/__init__.py", line 165, in wrapped
    return loop.run_until_complete(inner)
           ^^^^^^^^^^^^^^^^^^^^^^^^^^^^^^
  File "/home/malchi/anaconda3/lib/python3.12/asyncio/base_events.py", line 687, in run_until_complete
    return future.result()
           ^^^^^^^^^^^^^^^
  File "/home/malchi/anaconda3/lib/python3.12/site-packages/nbclient/client.py", line 705, in async_execute
    await self.async_execute_cell(
  File "/home/malchi/anaconda3/lib/python3.12/site-packages/nbclient/client.py", line 1058, in async_execute_cell
    await self._check_raise_for_error(cell, cell_index, exec_reply)
  File "/home/malchi/anaconda3/lib/python3.12/site-packages/nbclient/client.py", line 914, in _check_raise_for_error
    raise CellExecutionError.from_cell_and_msg(cell, exec_reply_content)
nbclient.exceptions.CellExecutionError: An error occurred while executing the following cell:
------------------
import torch
import matplotlib.pyplot as plt
from ImageDebluring import *
from torchvision import transforms


rng = torch.Generator().manual_seed(0)

def step_function(period=2.0, amplitude=0.8, y_intercept=0.0, steps=1000, x_offset=0.0):
    s = steps
    xs = torch.linspace(-5, 5, steps=s)
    ys = amplitude * torch.heaviside(torch.sin(2 * torch.pi * (xs + x_offset) / period), torch.zeros_like(xs)) + y_intercept
    return ys

def generate_random_function():
    period = torch.rand(1, generator=rng).item() + 5
    amplitude = torch.rand(1, generator=rng).item() * 0.1
    #amplitude = 0.5
    y_intercept = torch.rand(1, generator=rng).item() * 0.1
    x_offset = torch.rand(1, generator=rng).item() * 2*torch.pi
    return step_function(period, amplitude, y_intercept, x_offset=x_offset).unsqueeze(0).unsqueeze(0)

y = []
X = []
for i in range (10000):
    data = generate_random_function()
    degraded_data = degrade_image_1D(data, noise_scale=5000, kernel=gaussian_normalised_kernel_1D(61, 20), padding_mode='replicate')
    X.append(degraded_data.squeeze())
    y.append(data.squeeze())
    
# Make tensors
X = torch.stack(X)
y = torch.stack(y)
------------------


[0;31m---------------------------------------------------------------------------[0m
[0;31mModuleNotFoundError[0m                       Traceback (most recent call last)
Cell [0;32mIn[1], line 1[0m
[0;32m----> 1[0m [38;5;28;01mimport[39;00m [38;5;21;01mtorch[39;00m
[1;32m      2[0m [38;5;28;01mimport[39;00m [38;5;21;01mmatplotlib[39;00m[38;5;21;01m.[39;00m[38;5;21;01mpyplot[39;00m [38;5;28;01mas[39;00m [38;5;21;01mplt[39;00m
[1;32m      3[0m [38;5;28;01mfrom[39;00m [38;5;21;01mImageDebluring[39;00m [38;5;28;01mimport[39;00m [38;5;241m*[39m

[0;31mModuleNotFoundError[0m: No module named 'torch'

