\BOOKMARK [-1][-]{part.1}{I\040Week\0401\040-\040PyTorch\040Fundamentals}{}% 1
\BOOKMARK [0][-]{chapter.1}{Learning\040Pytorch}{part.1}% 2
\BOOKMARK [1][-]{section.1.1}{Aims}{chapter.1}% 3
\BOOKMARK [1][-]{section.1.2}{Tensors}{chapter.1}% 4
\BOOKMARK [2][-]{subsection.1.2.1}{Basic\040Tensor\040Examples}{section.1.2}% 5
\BOOKMARK [2][-]{subsection.1.2.2}{Loading\040a\040dataset}{section.1.2}% 6
\BOOKMARK [2][-]{subsection.1.2.3}{Displaying\040random\040items\040from\040dataset}{section.1.2}% 7
\BOOKMARK [1][-]{section.1.3}{Example:\040A\040basic\040machine\040learning\040algorithm\040with\040pytorch}{chapter.1}% 8
\BOOKMARK [-1][-]{part.2}{II\040Week\0402\040-\040Deblurring\040Methods}{}% 9
\BOOKMARK [0][-]{chapter.2}{Fourier\040Transforms\040in\0402D}{part.2}% 10
\BOOKMARK [1][-]{section.2.1}{Aims}{chapter.2}% 11
\BOOKMARK [1][-]{section.2.2}{Theory}{chapter.2}% 12
\BOOKMARK [1][-]{section.2.3}{Load\040image}{chapter.2}% 13
\BOOKMARK [1][-]{section.2.4}{Displaying\040Images}{chapter.2}% 14
\BOOKMARK [1][-]{section.2.5}{Hypothesizing\040Fourier\040transform\040results}{chapter.2}% 15
\BOOKMARK [1][-]{section.2.6}{2D\040DFT\040using\040PyTorch}{chapter.2}% 16
\BOOKMARK [1][-]{section.2.7}{Display\040results}{chapter.2}% 17
\BOOKMARK [1][-]{section.2.8}{Fourier\040transform\040of\040real\040image}{chapter.2}% 18
\BOOKMARK [1][-]{section.2.9}{Results}{chapter.2}% 19
\BOOKMARK [1][-]{section.2.10}{Conclusion}{chapter.2}% 20
\BOOKMARK [0][-]{chapter.3}{Basics\040of\040image\040de-blurring}{part.2}% 21
\BOOKMARK [1][-]{section.3.1}{Contents}{chapter.3}% 22
\BOOKMARK [1][-]{section.3.2}{Load\040images}{chapter.3}% 23
\BOOKMARK [1][-]{section.3.3}{Shot\040noise\040\(poisson\040noise\)}{chapter.3}% 24
\BOOKMARK [1][-]{section.3.4}{Method}{chapter.3}% 25
\BOOKMARK [1][-]{section.3.5}{Results}{chapter.3}% 26
\BOOKMARK [1][-]{section.3.6}{Filtering\040in\0402D}{chapter.3}% 27
\BOOKMARK [1][-]{section.3.7}{Filtering\040Example:\040The\040box\040filter}{chapter.3}% 28
\BOOKMARK [1][-]{section.3.8}{Convolution}{chapter.3}% 29
\BOOKMARK [2][-]{subsection.3.8.1}{The\040box\040filter}{section.3.8}% 30
\BOOKMARK [3][-]{subsubsection*.3}{Creating\040box\040functions}{subsection.3.8.1}% 31
\BOOKMARK [3][-]{subsubsection*.4}{Carry\040out\040convolution}{subsection.3.8.1}% 32
\BOOKMARK [3][-]{subsubsection*.5}{Discussion}{subsection.3.8.1}% 33
\BOOKMARK [1][-]{section.3.9}{De-convolution}{chapter.3}% 34
\BOOKMARK [1][-]{section.3.10}{Convolving\040and\040then\040de-convolving\040the\040image}{chapter.3}% 35
\BOOKMARK [1][-]{section.3.11}{Discussion}{chapter.3}% 36
\BOOKMARK [1][-]{section.3.12}{Padding}{chapter.3}% 37
\BOOKMARK [1][-]{section.3.13}{Gaussian\040filters}{chapter.3}% 38
\BOOKMARK [1][-]{section.3.14}{Image\040Degrading}{chapter.3}% 39
\BOOKMARK [1][-]{section.3.15}{Discussion}{chapter.3}% 40
\BOOKMARK [1][-]{section.3.16}{Realistic\040noise}{chapter.3}% 41
\BOOKMARK [1][-]{section.3.17}{Discussion}{chapter.3}% 42
\BOOKMARK [1][-]{section.3.18}{Summary}{chapter.3}% 43
\BOOKMARK [-1][-]{part.3}{III\040Week\0403\040and\0404\040-\040Richardson\040and\040Lucy\040Algorithm}{}% 44
\BOOKMARK [0][-]{chapter.4}{Richardson\040Lucy\040Algorithm}{part.3}% 45
\BOOKMARK [1][-]{section.4.1}{Aims}{chapter.4}% 46
\BOOKMARK [1][-]{section.4.2}{Theory}{chapter.4}% 47
\BOOKMARK [1][-]{section.4.3}{Basic\0401D\040implementat}{chapter.4}% 48
\BOOKMARK [1][-]{section.4.4}{Python\040implementation}{chapter.4}% 49
\BOOKMARK [1][-]{section.4.5}{Degrading\040the\040image}{chapter.4}% 50
\BOOKMARK [1][-]{section.4.6}{Discussion}{chapter.4}% 51
\BOOKMARK [0][-]{chapter.5}{Tuning\040the\040Richardson-Lucy\040Algorithm\040with\0401D\040functions}{part.3}% 52
\BOOKMARK [0][-]{chapter.6}{Aims}{part.3}% 53
\BOOKMARK [1][-]{section.6.1}{Deconvolving\040a\0401D\040signal}{chapter.6}% 54
\BOOKMARK [1][-]{section.6.2}{Padding}{chapter.6}% 55
\BOOKMARK [1][-]{section.6.3}{Measures\040of\040image\040quality}{chapter.6}% 56
\BOOKMARK [1][-]{section.6.4}{Number\040of\040iterations}{chapter.6}% 57
\BOOKMARK [1][-]{section.6.5}{Conclusion}{chapter.6}% 58
\BOOKMARK [-1][-]{p