Traceback (most recent call last):
  File "/home/malchi/anaconda3/lib/python3.12/site-packages/jupyter_cache/executors/utils.py", line 58, in single_nb_execution
    executenb(
  File "/home/malchi/anaconda3/lib/python3.12/site-packages/nbclient/client.py", line 1305, in execute
    return NotebookClient(nb=nb, resources=resources, km=km, **kwargs).execute()
           ^^^^^^^^^^^^^^^^^^^^^^^^^^^^^^^^^^^^^^^^^^^^^^^^^^^^^^^^^^^^^^^^^^^^^
  File "/home/malchi/anaconda3/lib/python3.12/site-packages/jupyter_core/utils/__init__.py", line 165, in wrapped
    return loop.run_until_complete(inner)
           ^^^^^^^^^^^^^^^^^^^^^^^^^^^^^^
  File "/home/malchi/anaconda3/lib/python3.12/asyncio/base_events.py", line 687, in run_until_complete
    return future.result()
           ^^^^^^^^^^^^^^^
  File "/home/malchi/anaconda3/lib/python3.12/site-packages/nbclient/client.py", line 705, in async_execute
    await self.async_execute_cell(
  File "/home/malchi/anaconda3/lib/python3.12/site-packages/nbclient/client.py", line 1058, in async_execute_cell
    await self._check_raise_for_error(cell, cell_index, exec_reply)
  File "/home/malchi/anaconda3/lib/python3.12/site-packages/nbclient/client.py", line 914, in _check_raise_for_error
    raise CellExecutionError.from_cell_and_msg(cell, exec_reply_content)
nbclient.exceptions.CellExecutionError: An error occurred while executing the following cell:
------------------
import torch
import matplotlib.pyplot as plt
from ImageDebluring import *
from sklearn.preprocessing import MinMaxScaler

def step_function(period=2.0, amplitude=0.8, y_intercept=0.0, steps=1000, x_offset=0.0):
    s = steps
    xs = torch.linspace(-5, 5, steps=s)
    ys = amplitude * torch.heaviside(torch.sin(2 * torch.pi * (xs + x_offset) / period), torch.zeros_like(xs)) + y_intercept
    return ys

def generate_random_function(vary_period = False, vary_amplitude = False, vary_y_intercept = False, vary_x_offset = False, rng = None):
    if vary_period:
        period = torch.rand(1, generator=rng).item()*3 + 5
    else:
        period = 5
    if vary_amplitude:
        amplitude = torch.rand(1, generator=rng).item() * 0.9 + 0.1
    else:
        amplitude = 0.3
    if vary_y_intercept:
        y_intercept = torch.rand(1, generator=rng).item() * 0.3
    else:
        y_intercept = 0.3
    if vary_x_offset:
        x_offset = torch.rand(1, generator=rng).item() * 2*torch.pi
    else:
        x_offset = 0.0
    return step_function(period, amplitude, y_intercept, x_offset=x_offset).unsqueeze(0).unsqueeze(0)

def generate_test_data(amount = 10000, noise_scale = 5000, blur_std = 61, kernel_size=20, vary_period = False, vary_amplitude = False, vary_y_intercept = False, vary_x_offset = False, rng = None, seed = None):
    if rng is None and seed is not None:
        rng = torch.Generator().manual_seed(seed)
    y = []
    y_scalers = []
    X = []
    X_scalers = []
    for i in range (amount):
        data = generate_random_function(vary_period = vary_period, vary_amplitude = vary_amplitude, vary_y_intercept = vary_y_intercept, vary_x_offset = vary_x_offset, rng = rng)
        degraded_data = degrade_image_1D(data, noise_scale=noise_scale, kernel=gaussian_normalised_kernel_1D(blur_std, kernel_size), padding_mode='replicate')
        scaler_x = MinMaxScaler()
        scaler_y = MinMaxScaler()
        # reshape to 2D (n_samples, n_features) for sklearn, then back to 1D
        degraded_np = degraded_data.squeeze().numpy().reshape(-1, 1)
        data_np = data.squeeze().numpy().reshape(-1, 1)
        degraded_scaled = scaler_x.fit_transform(degraded_np).reshape(-1)
        data_scaled = scaler_y.fit_transform(data_np).reshape(-1)
        degraded_data = torch.tensor(degraded_scaled, dtype=torch.float32)
        data = torch.tensor(data_scaled, dtype=torch.float32)
        X_scalers.append(scaler_x)
        y_scalers.append(scaler_y)
        X.append(degraded_data.squeeze())
        y.append(data.squeeze())
        
    # Make tensors
    X = torch.stack(X)
    y = torch.stack(y)
    
    return X, y, X_scalers, y_scalers
------------------


[0;31m---------------------------------------------------------------------------[0m
[0;31mModuleNotFoundError[0m                       Traceback (most recent call last)
Cell [0;32mIn[1], line 1[0m
[0;32m----> 1[0m [38;5;28;01mimport[39;00m [38;5;21;01mtorch[39;00m
[1;32m      2[0m [38;5;28;01mimport[39;00m [38;5;21;01mmatplotlib[39;00m[38;5;21;01m.[39;00m[38;5;21;01mpyplot[39;00m [38;5;28;01mas[39;00m [38;5;21;01mplt[39;00m
[1;32m      3[0m [38;5;28;01mfrom[39;00m [38;5;21;01mImageDebluring[39;00m [38;5;28;01mimport[39;00m [38;5;241m*[39m

[0;31mModuleNotFoundError[0m: No module named 'torch'

